<?xml version="1.0" encoding="UTF-8"?>
<testsuite name="com.sp.fc.web.JWTRequestTest" tests="1" skipped="0" failures="0" errors="0" timestamp="2022-09-05T06:52:19" hostname="haekyun" time="0.58">
  <properties/>
  <testcase name="1. hello 메시지를 받아온다..." classname="com.sp.fc.web.JWTRequestTest" time="0.58"/>
  <system-out><![CDATA[15:52:14.320 [Test worker] DEBUG org.springframework.test.context.BootstrapUtils - Instantiating CacheAwareContextLoaderDelegate from class [org.springframework.test.context.cache.DefaultCacheAwareContextLoaderDelegate]
15:52:14.336 [Test worker] DEBUG org.springframework.test.context.BootstrapUtils - Instantiating BootstrapContext using constructor [public org.springframework.test.context.support.DefaultBootstrapContext(java.lang.Class,org.springframework.test.context.CacheAwareContextLoaderDelegate)]
15:52:14.387 [Test worker] DEBUG org.springframework.test.context.BootstrapUtils - Instantiating TestContextBootstrapper for test class [com.sp.fc.web.JWTRequestTest] from class [org.springframework.boot.test.context.SpringBootTestContextBootstrapper]
15:52:14.402 [Test worker] INFO org.springframework.boot.test.context.SpringBootTestContextBootstrapper - Neither @ContextConfiguration nor @ContextHierarchy found for test class [com.sp.fc.web.JWTRequestTest], using SpringBootContextLoader
15:52:14.407 [Test worker] DEBUG org.springframework.test.context.support.AbstractContextLoader - Did not detect default resource location for test class [com.sp.fc.web.JWTRequestTest]: class path resource [com/sp/fc/web/JWTRequestTest-context.xml] does not exist
15:52:14.409 [Test worker] DEBUG org.springframework.test.context.support.AbstractContextLoader - Did not detect default resource location for test class [com.sp.fc.web.JWTRequestTest]: class path resource [com/sp/fc/web/JWTRequestTestContext.groovy] does not exist
15:52:14.409 [Test worker] INFO org.springframework.test.context.support.AbstractContextLoader - Could not detect default resource locations for test class [com.sp.fc.web.JWTRequestTest]: no resource found for suffixes {-context.xml, Context.groovy}.
15:52:14.411 [Test worker] INFO org.springframework.test.context.support.AnnotationConfigContextLoaderUtils - Could not detect default configuration classes for test class [com.sp.fc.web.JWTRequestTest]: JWTRequestTest does not declare any static, non-private, non-final, nested classes annotated with @Configuration.
15:52:14.473 [Test worker] DEBUG org.springframework.test.context.support.ActiveProfilesUtils - Could not find an 'annotation declaring class' for annotation type [org.springframework.test.context.ActiveProfiles] and class [com.sp.fc.web.JWTRequestTest]
15:52:14.567 [Test worker] DEBUG org.springframework.context.annotation.ClassPathScanningCandidateComponentProvider - Identified candidate component class: file [/home/haekyun/바탕화면/javaspring/Spring/part4_2_main/ch04/01_answer/sp-fastcampus-spring-sec/server/security-advanced/build/classes/java/main/com/sp/fc/web/AdvancedSecurityApplication.class]
15:52:14.569 [Test worker] INFO org.springframework.boot.test.context.SpringBootTestContextBootstrapper - Found @SpringBootConfiguration com.sp.fc.web.AdvancedSecurityApplication for test class com.sp.fc.web.JWTRequestTest
15:52:14.679 [Test worker] DEBUG org.springframework.boot.test.context.SpringBootTestContextBootstrapper - @TestExecutionListeners is not present for class [com.sp.fc.web.JWTRequestTest]: using defaults.
15:52:14.680 [Test worker] INFO org.springframework.boot.test.context.SpringBootTestContextBootstrapper - Loaded default TestExecutionListener class names from location [META-INF/spring.factories]: [org.springframework.boot.test.autoconfigure.restdocs.RestDocsTestExecutionListener, org.springframework.boot.test.autoconfigure.web.client.MockRestServiceServerResetTestExecutionListener, org.springframework.boot.test.autoconfigure.web.servlet.MockMvcPrintOnlyOnFailureTestExecutionListener, org.springframework.boot.test.autoconfigure.web.servlet.WebDriverTestExecutionListener, org.springframework.boot.test.autoconfigure.webservices.client.MockWebServiceServerTestExecutionListener, org.springframework.boot.test.mock.mockito.MockitoTestExecutionListener, org.springframework.boot.test.mock.mockito.ResetMocksTestExecutionListener, org.springframework.test.context.web.ServletTestExecutionListener, org.springframework.test.context.support.DirtiesContextBeforeModesTestExecutionListener, org.springframework.test.context.support.DependencyInjectionTestExecutionListener, org.springframework.test.context.support.DirtiesContextTestExecutionListener, org.springframework.test.context.transaction.TransactionalTestExecutionListener, org.springframework.test.context.jdbc.SqlScriptsTestExecutionListener, org.springframework.test.context.event.EventPublishingTestExecutionListener]
15:52:14.708 [Test worker] INFO org.springframework.boot.test.context.SpringBootTestContextBootstrapper - Using TestExecutionListeners: [org.springframework.test.context.web.ServletTestExecutionListener@116013b4, org.springframework.test.context.support.DirtiesContextBeforeModesTestExecutionListener@7e795080, org.springframework.boot.test.mock.mockito.MockitoTestExecutionListener@69973d9f, org.springframework.boot.test.autoconfigure.SpringBootDependencyInjectionTestExecutionListener@27845368, org.springframework.test.context.support.DirtiesContextTestExecutionListener@36e8199f, org.springframework.test.context.transaction.TransactionalTestExecutionListener@2a1a292, org.springframework.test.context.jdbc.SqlScriptsTestExecutionListener@520a1c9c, org.springframework.test.context.event.EventPublishingTestExecutionListener@57100aa6, org.springframework.boot.test.autoconfigure.restdocs.RestDocsTestExecutionListener@21c2d53a, org.springframework.boot.test.autoconfigure.web.client.MockRestServiceServerResetTestExecutionListener@2e7856a2, org.springframework.boot.test.autoconfigure.web.servlet.MockMvcPrintOnlyOnFailureTestExecutionListener@2c14410d, org.springframework.boot.test.autoconfigure.web.servlet.WebDriverTestExecutionListener@7b062b13, org.springframework.boot.test.autoconfigure.webservices.client.MockWebServiceServerTestExecutionListener@4c5a5a4c, org.springframework.boot.test.mock.mockito.ResetMocksTestExecutionListener@207bc823]
15:52:14.714 [Test worker] DEBUG org.springframework.test.context.support.AbstractDirtiesContextTestExecutionListener - Before test class: context [DefaultTestContext@43c92439 testClass = JWTRequestTest, testInstance = [null], testMethod = [null], testException = [null], mergedContextConfiguration = [WebMergedContextConfiguration@158ef1c2 testClass = JWTRequestTest, locations = '{}', classes = '{class com.sp.fc.web.AdvancedSecurityApplication}', contextInitializerClasses = '[]', activeProfiles = '{}', propertySourceLocations = '{}', propertySourceProperties = '{org.springframework.boot.test.context.SpringBootTestContextBootstrapper=true, server.port=0}', contextCustomizers = set[org.springframework.boot.test.autoconfigure.actuate.metrics.MetricsExportContextCustomizerFactory$DisableMetricExportContextCustomizer@37a5c7a4, org.springframework.boot.test.autoconfigure.properties.PropertyMappingContextCustomizer@0, org.springframework.boot.test.autoconfigure.web.servlet.WebDriverContextCustomizerFactory$Customizer@6f7cfb69, org.springframework.boot.test.context.filter.ExcludeFilterContextCustomizer@85a3902, org.springframework.boot.test.json.DuplicateJsonObjectContextCustomizerFactory$DuplicateJsonObjectContextCustomizer@54cac726, org.springframework.boot.test.mock.mockito.MockitoContextCustomizer@0, org.springframework.boot.test.web.client.TestRestTemplateContextCustomizer@43c76677, org.springframework.boot.test.context.SpringBootTestArgs@1, org.springframework.boot.test.context.SpringBootTestWebEnvironment@960e51e], resourceBasePath = 'src/main/webapp', contextLoader = 'org.springframework.boot.test.context.SpringBootContextLoader', parent = [null]], attributes = map['org.springframework.test.context.web.ServletTestExecutionListener.activateListener' -> false]], class annotated with @DirtiesContext [false] with mode [null].
15:52:14.735 [Test worker] DEBUG org.springframework.test.context.support.DependencyInjectionTestExecutionListener - Performing dependency injection for test context [[DefaultTestContext@43c92439 testClass = JWTRequestTest, testInstance = com.sp.fc.web.JWTRequestTest@3f63fc1d, testMethod = [null], testException = [null], mergedContextConfiguration = [WebMergedContextConfiguration@158ef1c2 testClass = JWTRequestTest, locations = '{}', classes = '{class com.sp.fc.web.AdvancedSecurityApplication}', contextInitializerClasses = '[]', activeProfiles = '{}', propertySourceLocations = '{}', propertySourceProperties = '{org.springframework.boot.test.context.SpringBootTestContextBootstrapper=true, server.port=0}', contextCustomizers = set[org.springframework.boot.test.autoconfigure.actuate.metrics.MetricsExportContextCustomizerFactory$DisableMetricExportContextCustomizer@37a5c7a4, org.springframework.boot.test.autoconfigure.properties.PropertyMappingContextCustomizer@0, org.springframework.boot.test.autoconfigure.web.servlet.WebDriverContextCustomizerFactory$Customizer@6f7cfb69, org.springframework.boot.test.context.filter.ExcludeFilterContextCustomizer@85a3902, org.springframework.boot.test.json.DuplicateJsonObjectContextCustomizerFactory$DuplicateJsonObjectContextCustomizer@54cac726, org.springframework.boot.test.mock.mockito.MockitoContextCustomizer@0, org.springframework.boot.test.web.client.TestRestTemplateContextCustomizer@43c76677, org.springframework.boot.test.context.SpringBootTestArgs@1, org.springframework.boot.test.context.SpringBootTestWebEnvironment@960e51e], resourceBasePath = 'src/main/webapp', contextLoader = 'org.springframework.boot.test.context.SpringBootContextLoader', parent = [null]], attributes = map['org.springframework.test.context.web.ServletTestExecutionListener.activateListener' -> false]]].
15:52:14.772 [Test worker] DEBUG org.springframework.test.context.support.TestPropertySourceUtils - Adding inlined properties to environment: {spring.jmx.enabled=false, org.springframework.boot.test.context.SpringBootTestContextBootstrapper=true, server.port=0}

  .   ____          _            __ _ _
 /\\ / ___'_ __ _ _(_)_ __  __ _ \ \ \ \
( ( )\___ | '_ | '_| | '_ \/ _` | \ \ \ \
 \\/  ___)| |_)| | | | | || (_| |  ) ) ) )
  '  |____| .__|_| |_|_| |_\__, | / / / /
 =========|_|==============|___/=/_/_/_/
 :: Spring Boot ::                (v2.4.1)

2022-09-05 15:52:15.071  INFO 33423 --- [    Test worker] com.sp.fc.web.JWTRequestTest             : Starting JWTRequestTest using Java 11.0.16 on haekyun with PID 33423 (started by haekyun in /home/haekyun/바탕화면/javaspring/Spring/part4_2_main/ch04/01_answer/sp-fastcampus-spring-sec/server/security-advanced)
2022-09-05 15:52:15.075  INFO 33423 --- [    Test worker] com.sp.fc.web.JWTRequestTest             : No active profile set, falling back to default profiles: default
2022-09-05 15:52:15.909  INFO 33423 --- [    Test worker] .s.d.r.c.RepositoryConfigurationDelegate : Bootstrapping Spring Data JPA repositories in DEFAULT mode.
2022-09-05 15:52:15.952  INFO 33423 --- [    Test worker] .s.d.r.c.RepositoryConfigurationDelegate : Finished Spring Data repository scanning in 35 ms. Found 1 JPA repository interfaces.
2022-09-05 15:52:16.406  INFO 33423 --- [    Test worker] trationDelegate$BeanPostProcessorChecker : Bean 'org.springframework.security.access.expression.method.DefaultMethodSecurityExpressionHandler@5e89bfcb' of type [org.springframework.security.access.expression.method.DefaultMethodSecurityExpressionHandler] is not eligible for getting processed by all BeanPostProcessors (for example: not eligible for auto-proxying)
2022-09-05 15:52:16.432  INFO 33423 --- [    Test worker] trationDelegate$BeanPostProcessorChecker : Bean 'methodSecurityMetadataSource' of type [org.springframework.security.access.method.DelegatingMethodSecurityMetadataSource] is not eligible for getting processed by all BeanPostProcessors (for example: not eligible for auto-proxying)
2022-09-05 15:52:16.739  INFO 33423 --- [    Test worker] o.s.b.w.embedded.tomcat.TomcatWebServer  : Tomcat initialized with port(s): 0 (http)
2022-09-05 15:52:16.750  INFO 33423 --- [    Test worker] o.apache.catalina.core.StandardService   : Starting service [Tomcat]
2022-09-05 15:52:16.751  INFO 33423 --- [    Test worker] org.apache.catalina.core.StandardEngine  : Starting Servlet engine: [Apache Tomcat/9.0.41]
2022-09-05 15:52:16.881  INFO 33423 --- [    Test worker] o.a.c.c.C.[Tomcat].[localhost].[/]       : Initializing Spring embedded WebApplicationContext
2022-09-05 15:52:16.881  INFO 33423 --- [    Test worker] w.s.c.ServletWebServerApplicationContext : Root WebApplicationContext: initialization completed in 1512 ms
2022-09-05 15:52:17.167  INFO 33423 --- [    Test worker] com.zaxxer.hikari.HikariDataSource       : HikariPool-1 - Starting...
2022-09-05 15:52:17.324  INFO 33423 --- [    Test worker] com.zaxxer.hikari.HikariDataSource       : HikariPool-1 - Start completed.
2022-09-05 15:52:17.392  INFO 33423 --- [    Test worker] o.hibernate.jpa.internal.util.LogHelper  : HHH000204: Processing PersistenceUnitInfo [name: default]
2022-09-05 15:52:17.448  INFO 33423 --- [    Test worker] org.hibernate.Version                    : HHH000412: Hibernate ORM core version 5.4.25.Final
2022-09-05 15:52:17.582  INFO 33423 --- [    Test worker] o.hibernate.annotations.common.Version   : HCANN000001: Hibernate Commons Annotations {5.1.2.Final}
2022-09-05 15:52:17.695  INFO 33423 --- [    Test worker] org.hibernate.dialect.Dialect            : HHH000400: Using dialect: org.hibernate.dialect.H2Dialect
2022-09-05 15:52:18.304  INFO 33423 --- [    Test worker] o.h.e.t.j.p.i.JtaPlatformInitiator       : HHH000490: Using JtaPlatform implementation: [org.hibernate.engine.transaction.jta.platform.internal.NoJtaPlatform]
2022-09-05 15:52:18.311  INFO 33423 --- [    Test worker] j.LocalContainerEntityManagerFactoryBean : Initialized JPA EntityManagerFactory for persistence unit 'default'
2022-09-05 15:52:18.375  WARN 33423 --- [    Test worker] JpaBaseConfiguration$JpaWebConfiguration : spring.jpa.open-in-view is enabled by default. Therefore, database queries may be performed during view rendering. Explicitly configure spring.jpa.open-in-view to disable this warning
2022-09-05 15:52:18.969  INFO 33423 --- [    Test worker] o.s.s.web.DefaultSecurityFilterChain     : Will secure any request with [org.springframework.security.web.context.request.async.WebAsyncManagerIntegrationFilter@37ff9d97, org.springframework.security.web.context.SecurityContextPersistenceFilter@a44aea6, org.springframework.security.web.header.HeaderWriterFilter@2eec63e2, org.springframework.security.web.authentication.logout.LogoutFilter@62901121, com.sp.fc.web.config.JWTLoginFilter@7c9cbb27, com.sp.fc.web.config.JWTCheckFilter@d251ffd, org.springframework.security.web.savedrequest.RequestCacheAwareFilter@28241661, org.springframework.security.web.servletapi.SecurityContextHolderAwareRequestFilter@61e59477, org.springframework.security.web.authentication.AnonymousAuthenticationFilter@2aa9321e, org.springframework.security.web.session.SessionManagementFilter@524a74bd, org.springframework.security.web.access.ExceptionTranslationFilter@199c189d]
2022-09-05 15:52:19.191  INFO 33423 --- [    Test worker] o.s.s.concurrent.ThreadPoolTaskExecutor  : Initializing ExecutorService 'applicationTaskExecutor'
2022-09-05 15:52:19.408  WARN 33423 --- [    Test worker] ion$DefaultTemplateResolverConfiguration : Cannot find template location: classpath:/templates/ (please add some templates or check your Thymeleaf configuration)
2022-09-05 15:52:19.619  INFO 33423 --- [    Test worker] o.s.b.w.embedded.tomcat.TomcatWebServer  : Tomcat started on port(s): 40481 (http) with context path ''
2022-09-05 15:52:19.629  INFO 33423 --- [    Test worker] com.sp.fc.web.JWTRequestTest             : Started JWTRequestTest in 4.853 seconds (JVM running for 6.052)
2022-09-05 15:52:20.042  INFO 33423 --- [o-auto-1-exec-1] o.a.c.c.C.[Tomcat].[localhost].[/]       : Initializing Spring DispatcherServlet 'dispatcherServlet'
2022-09-05 15:52:20.043  INFO 33423 --- [o-auto-1-exec-1] o.s.web.servlet.DispatcherServlet        : Initializing Servlet 'dispatcherServlet'
2022-09-05 15:52:20.045  INFO 33423 --- [o-auto-1-exec-1] o.s.web.servlet.DispatcherServlet        : Completed initialization in 2 ms
Bearer eyJ0eXAiOiJKV1QiLCJhbGciOiJIUzI1NiJ9.eyJzdWIiOiJ1c2VyMSIsImV4cCI6MTY2MjM2MTk0MH0.Rxa3UYARKuYRPJTwD_NEJ23x--7M9XfAbyuGKIgirm0
SpUser(userId=1, email=user1, password=1111, authorities=[SpAuthority(userId=1, authority=ROLE_USER)], enabled=true)
]]></system-out>
  <system-err><![CDATA[]]></system-err>
</testsuite>
