<?xml version="1.0" encoding="UTF-8"?>
<testsuite name="com.sp.fc.web.MultiChainProxyTest" tests="1" skipped="0" failures="0" errors="0" timestamp="2022-07-13T07:03:04" hostname="haekyun" time="0.485">
  <properties/>
  <testcase name="1. choi:1 로 로그인해서 학생 리스트를 내려받는다." classname="com.sp.fc.web.MultiChainProxyTest" time="0.485"/>
  <system-out><![CDATA[16:03:01.120 [Test worker] DEBUG org.springframework.test.context.BootstrapUtils - Instantiating CacheAwareContextLoaderDelegate from class [org.springframework.test.context.cache.DefaultCacheAwareContextLoaderDelegate]
16:03:01.132 [Test worker] DEBUG org.springframework.test.context.BootstrapUtils - Instantiating BootstrapContext using constructor [public org.springframework.test.context.support.DefaultBootstrapContext(java.lang.Class,org.springframework.test.context.CacheAwareContextLoaderDelegate)]
16:03:01.159 [Test worker] DEBUG org.springframework.test.context.BootstrapUtils - Instantiating TestContextBootstrapper for test class [com.sp.fc.web.MultiChainProxyTest] from class [org.springframework.boot.test.context.SpringBootTestContextBootstrapper]
16:03:01.169 [Test worker] INFO org.springframework.boot.test.context.SpringBootTestContextBootstrapper - Neither @ContextConfiguration nor @ContextHierarchy found for test class [com.sp.fc.web.MultiChainProxyTest], using SpringBootContextLoader
16:03:01.173 [Test worker] DEBUG org.springframework.test.context.support.AbstractContextLoader - Did not detect default resource location for test class [com.sp.fc.web.MultiChainProxyTest]: class path resource [com/sp/fc/web/MultiChainProxyTest-context.xml] does not exist
16:03:01.174 [Test worker] DEBUG org.springframework.test.context.support.AbstractContextLoader - Did not detect default resource location for test class [com.sp.fc.web.MultiChainProxyTest]: class path resource [com/sp/fc/web/MultiChainProxyTestContext.groovy] does not exist
16:03:01.175 [Test worker] INFO org.springframework.test.context.support.AbstractContextLoader - Could not detect default resource locations for test class [com.sp.fc.web.MultiChainProxyTest]: no resource found for suffixes {-context.xml, Context.groovy}.
16:03:01.176 [Test worker] INFO org.springframework.test.context.support.AnnotationConfigContextLoaderUtils - Could not detect default configuration classes for test class [com.sp.fc.web.MultiChainProxyTest]: MultiChainProxyTest does not declare any static, non-private, non-final, nested classes annotated with @Configuration.
16:03:01.213 [Test worker] DEBUG org.springframework.test.context.support.ActiveProfilesUtils - Could not find an 'annotation declaring class' for annotation type [org.springframework.test.context.ActiveProfiles] and class [com.sp.fc.web.MultiChainProxyTest]
16:03:01.274 [Test worker] DEBUG org.springframework.context.annotation.ClassPathScanningCandidateComponentProvider - Identified candidate component class: file [/home/haekyun/바탕화면/javaspring/Spring/part4_2_main/ch02/08/sp-fastcampus-spring-sec/server/login-multi-chain/build/classes/java/main/com/sp/fc/web/MultiChainProxyApplication.class]
16:03:01.275 [Test worker] INFO org.springframework.boot.test.context.SpringBootTestContextBootstrapper - Found @SpringBootConfiguration com.sp.fc.web.MultiChainProxyApplication for test class com.sp.fc.web.MultiChainProxyTest
16:03:01.345 [Test worker] DEBUG org.springframework.boot.test.context.SpringBootTestContextBootstrapper - @TestExecutionListeners is not present for class [com.sp.fc.web.MultiChainProxyTest]: using defaults.
16:03:01.346 [Test worker] INFO org.springframework.boot.test.context.SpringBootTestContextBootstrapper - Loaded default TestExecutionListener class names from location [META-INF/spring.factories]: [org.springframework.boot.test.autoconfigure.restdocs.RestDocsTestExecutionListener, org.springframework.boot.test.autoconfigure.web.client.MockRestServiceServerResetTestExecutionListener, org.springframework.boot.test.autoconfigure.web.servlet.MockMvcPrintOnlyOnFailureTestExecutionListener, org.springframework.boot.test.autoconfigure.web.servlet.WebDriverTestExecutionListener, org.springframework.boot.test.autoconfigure.webservices.client.MockWebServiceServerTestExecutionListener, org.springframework.boot.test.mock.mockito.MockitoTestExecutionListener, org.springframework.boot.test.mock.mockito.ResetMocksTestExecutionListener, org.springframework.test.context.web.ServletTestExecutionListener, org.springframework.test.context.support.DirtiesContextBeforeModesTestExecutionListener, org.springframework.test.context.support.DependencyInjectionTestExecutionListener, org.springframework.test.context.support.DirtiesContextTestExecutionListener, org.springframework.test.context.transaction.TransactionalTestExecutionListener, org.springframework.test.context.jdbc.SqlScriptsTestExecutionListener, org.springframework.test.context.event.EventPublishingTestExecutionListener]
16:03:01.356 [Test worker] DEBUG org.springframework.boot.test.context.SpringBootTestContextBootstrapper - Skipping candidate TestExecutionListener [org.springframework.test.context.transaction.TransactionalTestExecutionListener] due to a missing dependency. Specify custom listener classes or make the default listener classes and their required dependencies available. Offending class: [org/springframework/transaction/interceptor/TransactionAttributeSource]
16:03:01.356 [Test worker] DEBUG org.springframework.boot.test.context.SpringBootTestContextBootstrapper - Skipping candidate TestExecutionListener [org.springframework.test.context.jdbc.SqlScriptsTestExecutionListener] due to a missing dependency. Specify custom listener classes or make the default listener classes and their required dependencies available. Offending class: [org/springframework/transaction/interceptor/TransactionAttribute]
16:03:01.357 [Test worker] INFO org.springframework.boot.test.context.SpringBootTestContextBootstrapper - Using TestExecutionListeners: [org.springframework.test.context.web.ServletTestExecutionListener@240a8852, org.springframework.test.context.support.DirtiesContextBeforeModesTestExecutionListener@6f45d0d1, org.springframework.boot.test.mock.mockito.MockitoTestExecutionListener@972ce8f, org.springframework.boot.test.autoconfigure.SpringBootDependencyInjectionTestExecutionListener@5a000116, org.springframework.test.context.support.DirtiesContextTestExecutionListener@2ab85a1c, org.springframework.test.context.event.EventPublishingTestExecutionListener@6bbad4c2, org.springframework.boot.test.autoconfigure.restdocs.RestDocsTestExecutionListener@7423698c, org.springframework.boot.test.autoconfigure.web.client.MockRestServiceServerResetTestExecutionListener@2e71ceaf, org.springframework.boot.test.autoconfigure.web.servlet.MockMvcPrintOnlyOnFailureTestExecutionListener@467109c7, org.springframework.boot.test.autoconfigure.web.servlet.WebDriverTestExecutionListener@7bd0c90f, org.springframework.boot.test.autoconfigure.webservices.client.MockWebServiceServerTestExecutionListener@1450a0f0, org.springframework.boot.test.mock.mockito.ResetMocksTestExecutionListener@34740063]
16:03:01.360 [Test worker] DEBUG org.springframework.test.context.support.AbstractDirtiesContextTestExecutionListener - Before test class: context [DefaultTestContext@26645e0e testClass = MultiChainProxyTest, testInstance = [null], testMethod = [null], testException = [null], mergedContextConfiguration = [WebMergedContextConfiguration@4928c826 testClass = MultiChainProxyTest, locations = '{}', classes = '{class com.sp.fc.web.MultiChainProxyApplication}', contextInitializerClasses = '[]', activeProfiles = '{}', propertySourceLocations = '{}', propertySourceProperties = '{org.springframework.boot.test.context.SpringBootTestContextBootstrapper=true, server.port=0}', contextCustomizers = set[org.springframework.boot.test.autoconfigure.actuate.metrics.MetricsExportContextCustomizerFactory$DisableMetricExportContextCustomizer@216f0bd8, org.springframework.boot.test.autoconfigure.properties.PropertyMappingContextCustomizer@0, org.springframework.boot.test.autoconfigure.web.servlet.WebDriverContextCustomizerFactory$Customizer@7a735d8a, org.springframework.boot.test.context.filter.ExcludeFilterContextCustomizer@12643fb, org.springframework.boot.test.json.DuplicateJsonObjectContextCustomizerFactory$DuplicateJsonObjectContextCustomizer@66596031, org.springframework.boot.test.mock.mockito.MockitoContextCustomizer@0, org.springframework.boot.test.web.client.TestRestTemplateContextCustomizer@5f9700ff, org.springframework.boot.test.context.SpringBootTestArgs@1, org.springframework.boot.test.context.SpringBootTestWebEnvironment@11372d6f], resourceBasePath = 'src/main/webapp', contextLoader = 'org.springframework.boot.test.context.SpringBootContextLoader', parent = [null]], attributes = map['org.springframework.test.context.web.ServletTestExecutionListener.activateListener' -> false]], class annotated with @DirtiesContext [false] with mode [null].
16:03:01.542 [Test worker] DEBUG org.springframework.test.context.support.DependencyInjectionTestExecutionListener - Performing dependency injection for test context [[DefaultTestContext@26645e0e testClass = MultiChainProxyTest, testInstance = com.sp.fc.web.MultiChainProxyTest@7e89f3de, testMethod = [null], testException = [null], mergedContextConfiguration = [WebMergedContextConfiguration@4928c826 testClass = MultiChainProxyTest, locations = '{}', classes = '{class com.sp.fc.web.MultiChainProxyApplication}', contextInitializerClasses = '[]', activeProfiles = '{}', propertySourceLocations = '{}', propertySourceProperties = '{org.springframework.boot.test.context.SpringBootTestContextBootstrapper=true, server.port=0}', contextCustomizers = set[org.springframework.boot.test.autoconfigure.actuate.metrics.MetricsExportContextCustomizerFactory$DisableMetricExportContextCustomizer@216f0bd8, org.springframework.boot.test.autoconfigure.properties.PropertyMappingContextCustomizer@0, org.springframework.boot.test.autoconfigure.web.servlet.WebDriverContextCustomizerFactory$Customizer@7a735d8a, org.springframework.boot.test.context.filter.ExcludeFilterContextCustomizer@12643fb, org.springframework.boot.test.json.DuplicateJsonObjectContextCustomizerFactory$DuplicateJsonObjectContextCustomizer@66596031, org.springframework.boot.test.mock.mockito.MockitoContextCustomizer@0, org.springframework.boot.test.web.client.TestRestTemplateContextCustomizer@5f9700ff, org.springframework.boot.test.context.SpringBootTestArgs@1, org.springframework.boot.test.context.SpringBootTestWebEnvironment@11372d6f], resourceBasePath = 'src/main/webapp', contextLoader = 'org.springframework.boot.test.context.SpringBootContextLoader', parent = [null]], attributes = map['org.springframework.test.context.web.ServletTestExecutionListener.activateListener' -> false]]].
16:03:01.557 [Test worker] DEBUG org.springframework.test.context.support.TestPropertySourceUtils - Adding inlined properties to environment: {spring.jmx.enabled=false, org.springframework.boot.test.context.SpringBootTestContextBootstrapper=true, server.port=0}

  .   ____          _            __ _ _
 /\\ / ___'_ __ _ _(_)_ __  __ _ \ \ \ \
( ( )\___ | '_ | '_| | '_ \/ _` | \ \ \ \
 \\/  ___)| |_)| | | | | || (_| |  ) ) ) )
  '  |____| .__|_| |_|_| |_\__, | / / / /
 =========|_|==============|___/=/_/_/_/
 :: Spring Boot ::                (v2.4.1)

2022-07-13 16:03:01.815  INFO 323288 --- [    Test worker] com.sp.fc.web.MultiChainProxyTest        : Starting MultiChainProxyTest using Java 11.0.15 on haekyun with PID 323288 (started by haekyun in /home/haekyun/바탕화면/javaspring/Spring/part4_2_main/ch02/08/sp-fastcampus-spring-sec/server/login-multi-chain)
2022-07-13 16:03:01.818  INFO 323288 --- [    Test worker] com.sp.fc.web.MultiChainProxyTest        : No active profile set, falling back to default profiles: default
2022-07-13 16:03:02.967  INFO 323288 --- [    Test worker] o.s.b.w.embedded.tomcat.TomcatWebServer  : Tomcat initialized with port(s): 0 (http)
2022-07-13 16:03:02.979  INFO 323288 --- [    Test worker] o.apache.catalina.core.StandardService   : Starting service [Tomcat]
2022-07-13 16:03:02.980  INFO 323288 --- [    Test worker] org.apache.catalina.core.StandardEngine  : Starting Servlet engine: [Apache Tomcat/9.0.41]
2022-07-13 16:03:03.050  INFO 323288 --- [    Test worker] o.a.c.c.C.[Tomcat].[localhost].[/]       : Initializing Spring embedded WebApplicationContext
2022-07-13 16:03:03.050  INFO 323288 --- [    Test worker] w.s.c.ServletWebServerApplicationContext : Root WebApplicationContext: initialization completed in 1050 ms
2022-07-13 16:03:03.387  INFO 323288 --- [    Test worker] o.s.s.web.DefaultSecurityFilterChain     : Will secure org.springframework.boot.autoconfigure.security.servlet.StaticResourceRequest$StaticResourceRequestMatcher@64ba7f96 with []
2022-07-13 16:03:03.458  INFO 323288 --- [    Test worker] o.s.s.web.DefaultSecurityFilterChain     : Will secure Ant [pattern='/api/**'] with [org.springframework.security.web.context.request.async.WebAsyncManagerIntegrationFilter@596b6df7, org.springframework.security.web.context.SecurityContextPersistenceFilter@3aae6df7, org.springframework.security.web.header.HeaderWriterFilter@444be99f, org.springframework.security.web.authentication.logout.LogoutFilter@2e3e0e37, org.springframework.security.web.authentication.www.BasicAuthenticationFilter@6568b6d3, org.springframework.security.web.savedrequest.RequestCacheAwareFilter@33b6fa24, org.springframework.security.web.servletapi.SecurityContextHolderAwareRequestFilter@49039136, org.springframework.security.web.authentication.AnonymousAuthenticationFilter@4eee290a, org.springframework.security.web.session.SessionManagementFilter@d3eaed6, org.springframework.security.web.access.ExceptionTranslationFilter@7e4e7125, org.springframework.security.web.access.intercept.FilterSecurityInterceptor@3ab16a80]
2022-07-13 16:03:03.480  INFO 323288 --- [    Test worker] o.s.s.web.DefaultSecurityFilterChain     : Will secure any request with [org.springframework.security.web.context.request.async.WebAsyncManagerIntegrationFilter@46f2399c, org.springframework.security.web.context.SecurityContextPersistenceFilter@57e6c406, org.springframework.security.web.header.HeaderWriterFilter@2ddce392, org.springframework.security.web.csrf.CsrfFilter@3af30994, org.springframework.security.web.authentication.logout.LogoutFilter@7ea73981, com.sp.fc.web.config.CustomLoginFilter@22722124, org.springframework.security.web.authentication.UsernamePasswordAuthenticationFilter@1f4bc778, org.springframework.security.web.savedrequest.RequestCacheAwareFilter@578561f1, org.springframework.security.web.servletapi.SecurityContextHolderAwareRequestFilter@1d8fd8e0, org.springframework.security.web.authentication.AnonymousAuthenticationFilter@6139b049, org.springframework.security.web.session.SessionManagementFilter@4ff9ae9c, org.springframework.security.web.access.ExceptionTranslationFilter@fc1e457, org.springframework.security.web.access.intercept.FilterSecurityInterceptor@2dae2ec3]
2022-07-13 16:03:03.636  INFO 323288 --- [    Test worker] o.s.s.concurrent.ThreadPoolTaskExecutor  : Initializing ExecutorService 'applicationTaskExecutor'
2022-07-13 16:03:03.733  INFO 323288 --- [    Test worker] o.s.b.a.w.s.WelcomePageHandlerMapping    : Adding welcome page template: index
2022-07-13 16:03:04.049  INFO 323288 --- [    Test worker] o.s.b.w.embedded.tomcat.TomcatWebServer  : Tomcat started on port(s): 39731 (http) with context path ''
2022-07-13 16:03:04.061  INFO 323288 --- [    Test worker] com.sp.fc.web.MultiChainProxyTest        : Started MultiChainProxyTest in 2.501 seconds (JVM running for 3.573)
2022-07-13 16:03:04.402  INFO 323288 --- [o-auto-1-exec-1] o.a.c.c.C.[Tomcat].[localhost].[/]       : Initializing Spring DispatcherServlet 'dispatcherServlet'
2022-07-13 16:03:04.403  INFO 323288 --- [o-auto-1-exec-1] o.s.web.servlet.DispatcherServlet        : Initializing Servlet 'dispatcherServlet'
2022-07-13 16:03:04.404  INFO 323288 --- [o-auto-1-exec-1] o.s.web.servlet.DispatcherServlet        : Completed initialization in 1 ms
]]></system-out>
  <system-err><![CDATA[]]></system-err>
</testsuite>
