<?xml version="1.0" encoding="UTF-8"?>
<testsuite name="com.sp.fc.web.BasicAuthenticationTest" tests="1" skipped="0" failures="0" errors="0" timestamp="2022-07-13T06:52:24" hostname="haekyun" time="0.526">
  <properties/>
  <testcase name="4. POST 인증" classname="com.sp.fc.web.BasicAuthenticationTest" time="0.526"/>
  <system-out><![CDATA[15:52:22.353 [Test worker] DEBUG org.springframework.test.context.BootstrapUtils - Instantiating CacheAwareContextLoaderDelegate from class [org.springframework.test.context.cache.DefaultCacheAwareContextLoaderDelegate]
15:52:22.364 [Test worker] DEBUG org.springframework.test.context.BootstrapUtils - Instantiating BootstrapContext using constructor [public org.springframework.test.context.support.DefaultBootstrapContext(java.lang.Class,org.springframework.test.context.CacheAwareContextLoaderDelegate)]
15:52:22.393 [Test worker] DEBUG org.springframework.test.context.BootstrapUtils - Instantiating TestContextBootstrapper for test class [com.sp.fc.web.BasicAuthenticationTest] from class [org.springframework.boot.test.context.SpringBootTestContextBootstrapper]
15:52:22.402 [Test worker] INFO org.springframework.boot.test.context.SpringBootTestContextBootstrapper - Neither @ContextConfiguration nor @ContextHierarchy found for test class [com.sp.fc.web.BasicAuthenticationTest], using SpringBootContextLoader
15:52:22.405 [Test worker] DEBUG org.springframework.test.context.support.AbstractContextLoader - Did not detect default resource location for test class [com.sp.fc.web.BasicAuthenticationTest]: class path resource [com/sp/fc/web/BasicAuthenticationTest-context.xml] does not exist
15:52:22.406 [Test worker] DEBUG org.springframework.test.context.support.AbstractContextLoader - Did not detect default resource location for test class [com.sp.fc.web.BasicAuthenticationTest]: class path resource [com/sp/fc/web/BasicAuthenticationTestContext.groovy] does not exist
15:52:22.406 [Test worker] INFO org.springframework.test.context.support.AbstractContextLoader - Could not detect default resource locations for test class [com.sp.fc.web.BasicAuthenticationTest]: no resource found for suffixes {-context.xml, Context.groovy}.
15:52:22.407 [Test worker] INFO org.springframework.test.context.support.AnnotationConfigContextLoaderUtils - Could not detect default configuration classes for test class [com.sp.fc.web.BasicAuthenticationTest]: BasicAuthenticationTest does not declare any static, non-private, non-final, nested classes annotated with @Configuration.
15:52:22.451 [Test worker] DEBUG org.springframework.test.context.support.ActiveProfilesUtils - Could not find an 'annotation declaring class' for annotation type [org.springframework.test.context.ActiveProfiles] and class [com.sp.fc.web.BasicAuthenticationTest]
15:52:22.497 [Test worker] DEBUG org.springframework.context.annotation.ClassPathScanningCandidateComponentProvider - Identified candidate component class: file [/home/haekyun/바탕화면/javaspring/Spring/part4_2_main/ch02/08/sp-fastcampus-spring-sec/server/basic-authentication-test/build/classes/java/main/com/sp/fc/web/BasicAuthentionTestApplication.class]
15:52:22.498 [Test worker] INFO org.springframework.boot.test.context.SpringBootTestContextBootstrapper - Found @SpringBootConfiguration com.sp.fc.web.BasicAuthentionTestApplication for test class com.sp.fc.web.BasicAuthenticationTest
15:52:22.564 [Test worker] DEBUG org.springframework.boot.test.context.SpringBootTestContextBootstrapper - @TestExecutionListeners is not present for class [com.sp.fc.web.BasicAuthenticationTest]: using defaults.
15:52:22.565 [Test worker] INFO org.springframework.boot.test.context.SpringBootTestContextBootstrapper - Loaded default TestExecutionListener class names from location [META-INF/spring.factories]: [org.springframework.boot.test.autoconfigure.restdocs.RestDocsTestExecutionListener, org.springframework.boot.test.autoconfigure.web.client.MockRestServiceServerResetTestExecutionListener, org.springframework.boot.test.autoconfigure.web.servlet.MockMvcPrintOnlyOnFailureTestExecutionListener, org.springframework.boot.test.autoconfigure.web.servlet.WebDriverTestExecutionListener, org.springframework.boot.test.autoconfigure.webservices.client.MockWebServiceServerTestExecutionListener, org.springframework.boot.test.mock.mockito.MockitoTestExecutionListener, org.springframework.boot.test.mock.mockito.ResetMocksTestExecutionListener, org.springframework.test.context.web.ServletTestExecutionListener, org.springframework.test.context.support.DirtiesContextBeforeModesTestExecutionListener, org.springframework.test.context.support.DependencyInjectionTestExecutionListener, org.springframework.test.context.support.DirtiesContextTestExecutionListener, org.springframework.test.context.transaction.TransactionalTestExecutionListener, org.springframework.test.context.jdbc.SqlScriptsTestExecutionListener, org.springframework.test.context.event.EventPublishingTestExecutionListener]
15:52:22.573 [Test worker] DEBUG org.springframework.boot.test.context.SpringBootTestContextBootstrapper - Skipping candidate TestExecutionListener [org.springframework.test.context.transaction.TransactionalTestExecutionListener] due to a missing dependency. Specify custom listener classes or make the default listener classes and their required dependencies available. Offending class: [org/springframework/transaction/interceptor/TransactionAttributeSource]
15:52:22.574 [Test worker] DEBUG org.springframework.boot.test.context.SpringBootTestContextBootstrapper - Skipping candidate TestExecutionListener [org.springframework.test.context.jdbc.SqlScriptsTestExecutionListener] due to a missing dependency. Specify custom listener classes or make the default listener classes and their required dependencies available. Offending class: [org/springframework/transaction/interceptor/TransactionAttribute]
15:52:22.574 [Test worker] INFO org.springframework.boot.test.context.SpringBootTestContextBootstrapper - Using TestExecutionListeners: [org.springframework.test.context.web.ServletTestExecutionListener@2ba56795, org.springframework.test.context.support.DirtiesContextBeforeModesTestExecutionListener@134719c1, org.springframework.boot.test.mock.mockito.MockitoTestExecutionListener@347e6f12, org.springframework.boot.test.autoconfigure.SpringBootDependencyInjectionTestExecutionListener@31ec05b3, org.springframework.test.context.support.DirtiesContextTestExecutionListener@31f545d4, org.springframework.test.context.event.EventPublishingTestExecutionListener@1ad7db3a, org.springframework.boot.test.autoconfigure.restdocs.RestDocsTestExecutionListener@5d16318d, org.springframework.boot.test.autoconfigure.web.client.MockRestServiceServerResetTestExecutionListener@c066601, org.springframework.boot.test.autoconfigure.web.servlet.MockMvcPrintOnlyOnFailureTestExecutionListener@174649b0, org.springframework.boot.test.autoconfigure.web.servlet.WebDriverTestExecutionListener@336c4e69, org.springframework.boot.test.autoconfigure.webservices.client.MockWebServiceServerTestExecutionListener@5f1a8bd0, org.springframework.boot.test.mock.mockito.ResetMocksTestExecutionListener@6093c85c]
15:52:22.577 [Test worker] DEBUG org.springframework.test.context.support.AbstractDirtiesContextTestExecutionListener - Before test class: context [DefaultTestContext@73641351 testClass = BasicAuthenticationTest, testInstance = [null], testMethod = [null], testException = [null], mergedContextConfiguration = [WebMergedContextConfiguration@6a409043 testClass = BasicAuthenticationTest, locations = '{}', classes = '{class com.sp.fc.web.BasicAuthentionTestApplication}', contextInitializerClasses = '[]', activeProfiles = '{}', propertySourceLocations = '{}', propertySourceProperties = '{org.springframework.boot.test.context.SpringBootTestContextBootstrapper=true, server.port=0}', contextCustomizers = set[org.springframework.boot.test.autoconfigure.actuate.metrics.MetricsExportContextCustomizerFactory$DisableMetricExportContextCustomizer@52dc0960, org.springframework.boot.test.autoconfigure.properties.PropertyMappingContextCustomizer@0, org.springframework.boot.test.autoconfigure.web.servlet.WebDriverContextCustomizerFactory$Customizer@5f262da9, org.springframework.boot.test.context.filter.ExcludeFilterContextCustomizer@44299b21, org.springframework.boot.test.json.DuplicateJsonObjectContextCustomizerFactory$DuplicateJsonObjectContextCustomizer@16988fce, org.springframework.boot.test.mock.mockito.MockitoContextCustomizer@0, org.springframework.boot.test.web.client.TestRestTemplateContextCustomizer@47d4f2b3, org.springframework.boot.test.context.SpringBootTestArgs@1, org.springframework.boot.test.context.SpringBootTestWebEnvironment@14f402b7], resourceBasePath = 'src/main/webapp', contextLoader = 'org.springframework.boot.test.context.SpringBootContextLoader', parent = [null]], attributes = map['org.springframework.test.context.web.ServletTestExecutionListener.activateListener' -> false]], class annotated with @DirtiesContext [false] with mode [null].
15:52:22.752 [Test worker] DEBUG org.springframework.test.context.support.DependencyInjectionTestExecutionListener - Performing dependency injection for test context [[DefaultTestContext@73641351 testClass = BasicAuthenticationTest, testInstance = com.sp.fc.web.BasicAuthenticationTest@4a67f3d7, testMethod = [null], testException = [null], mergedContextConfiguration = [WebMergedContextConfiguration@6a409043 testClass = BasicAuthenticationTest, locations = '{}', classes = '{class com.sp.fc.web.BasicAuthentionTestApplication}', contextInitializerClasses = '[]', activeProfiles = '{}', propertySourceLocations = '{}', propertySourceProperties = '{org.springframework.boot.test.context.SpringBootTestContextBootstrapper=true, server.port=0}', contextCustomizers = set[org.springframework.boot.test.autoconfigure.actuate.metrics.MetricsExportContextCustomizerFactory$DisableMetricExportContextCustomizer@52dc0960, org.springframework.boot.test.autoconfigure.properties.PropertyMappingContextCustomizer@0, org.springframework.boot.test.autoconfigure.web.servlet.WebDriverContextCustomizerFactory$Customizer@5f262da9, org.springframework.boot.test.context.filter.ExcludeFilterContextCustomizer@44299b21, org.springframework.boot.test.json.DuplicateJsonObjectContextCustomizerFactory$DuplicateJsonObjectContextCustomizer@16988fce, org.springframework.boot.test.mock.mockito.MockitoContextCustomizer@0, org.springframework.boot.test.web.client.TestRestTemplateContextCustomizer@47d4f2b3, org.springframework.boot.test.context.SpringBootTestArgs@1, org.springframework.boot.test.context.SpringBootTestWebEnvironment@14f402b7], resourceBasePath = 'src/main/webapp', contextLoader = 'org.springframework.boot.test.context.SpringBootContextLoader', parent = [null]], attributes = map['org.springframework.test.context.web.ServletTestExecutionListener.activateListener' -> false]]].
15:52:22.768 [Test worker] DEBUG org.springframework.test.context.support.TestPropertySourceUtils - Adding inlined properties to environment: {spring.jmx.enabled=false, org.springframework.boot.test.context.SpringBootTestContextBootstrapper=true, server.port=0}

  .   ____          _            __ _ _
 /\\ / ___'_ __ _ _(_)_ __  __ _ \ \ \ \
( ( )\___ | '_ | '_| | '_ \/ _` | \ \ \ \
 \\/  ___)| |_)| | | | | || (_| |  ) ) ) )
  '  |____| .__|_| |_|_| |_\__, | / / / /
 =========|_|==============|___/=/_/_/_/
 :: Spring Boot ::                (v2.4.1)

2022-07-13 15:52:23.006  INFO 314693 --- [    Test worker] com.sp.fc.web.BasicAuthenticationTest    : Starting BasicAuthenticationTest using Java 11.0.15 on haekyun with PID 314693 (started by haekyun in /home/haekyun/바탕화면/javaspring/Spring/part4_2_main/ch02/08/sp-fastcampus-spring-sec/server/basic-authentication-test)
2022-07-13 15:52:23.009  INFO 314693 --- [    Test worker] com.sp.fc.web.BasicAuthenticationTest    : No active profile set, falling back to default profiles: default
2022-07-13 15:52:23.949  INFO 314693 --- [    Test worker] o.s.b.w.embedded.tomcat.TomcatWebServer  : Tomcat initialized with port(s): 0 (http)
2022-07-13 15:52:23.959  INFO 314693 --- [    Test worker] o.apache.catalina.core.StandardService   : Starting service [Tomcat]
2022-07-13 15:52:23.959  INFO 314693 --- [    Test worker] org.apache.catalina.core.StandardEngine  : Starting Servlet engine: [Apache Tomcat/9.0.41]
2022-07-13 15:52:24.021  INFO 314693 --- [    Test worker] o.a.c.c.C.[Tomcat].[localhost].[/]       : Initializing Spring embedded WebApplicationContext
2022-07-13 15:52:24.022  INFO 314693 --- [    Test worker] w.s.c.ServletWebServerApplicationContext : Root WebApplicationContext: initialization completed in 842 ms
2022-07-13 15:52:24.214  WARN 314693 --- [    Test worker] o.s.security.core.userdetails.User       : User.withDefaultPasswordEncoder() is considered unsafe for production and is only intended for sample applications.
2022-07-13 15:52:24.420  INFO 314693 --- [    Test worker] o.s.s.web.DefaultSecurityFilterChain     : Will secure any request with [org.springframework.security.web.context.request.async.WebAsyncManagerIntegrationFilter@3dd6517d, org.springframework.security.web.context.SecurityContextPersistenceFilter@6a6752c3, org.springframework.security.web.header.HeaderWriterFilter@77ae1b5, org.springframework.security.web.authentication.logout.LogoutFilter@44e8108d, org.springframework.security.web.authentication.www.BasicAuthenticationFilter@55d3d288, org.springframework.security.web.savedrequest.RequestCacheAwareFilter@1a0fcb6f, org.springframework.security.web.servletapi.SecurityContextHolderAwareRequestFilter@23abe1dc, org.springframework.security.web.authentication.AnonymousAuthenticationFilter@2f294629, org.springframework.security.web.session.SessionManagementFilter@de3a938, org.springframework.security.web.access.ExceptionTranslationFilter@1c336c51, org.springframework.security.web.access.intercept.FilterSecurityInterceptor@7abd135]
2022-07-13 15:52:24.541  INFO 314693 --- [    Test worker] o.s.s.concurrent.ThreadPoolTaskExecutor  : Initializing ExecutorService 'applicationTaskExecutor'
2022-07-13 15:52:24.701  WARN 314693 --- [    Test worker] ion$DefaultTemplateResolverConfiguration : Cannot find template location: classpath:/templates/ (please add some templates or check your Thymeleaf configuration)
2022-07-13 15:52:24.799  INFO 314693 --- [    Test worker] o.s.b.w.embedded.tomcat.TomcatWebServer  : Tomcat started on port(s): 35689 (http) with context path ''
2022-07-13 15:52:24.808  INFO 314693 --- [    Test worker] com.sp.fc.web.BasicAuthenticationTest    : Started BasicAuthenticationTest in 2.037 seconds (JVM running for 3.018)
2022-07-13 15:52:25.093  INFO 314693 --- [o-auto-1-exec-1] o.a.c.c.C.[Tomcat].[localhost].[/]       : Initializing Spring DispatcherServlet 'dispatcherServlet'
2022-07-13 15:52:25.093  INFO 314693 --- [o-auto-1-exec-1] o.s.web.servlet.DispatcherServlet        : Initializing Servlet 'dispatcherServlet'
2022-07-13 15:52:25.094  INFO 314693 --- [o-auto-1-exec-1] o.s.web.servlet.DispatcherServlet        : Completed initialization in 1 ms
]]></system-out>
  <system-err><![CDATA[]]></system-err>
</testsuite>
